[2019-06-01 16:55:23.068] [renderer1] [error] Error: Error: ENOENT: no such file or directory, stat '/home/yuvraj/React-Projs/recipe/.vscode'
[2019-06-01 18:48:29.281] [renderer1] [error] TypeScript Server Error (3.4.5)
Debug Failure. Did not expect JsxExpression to have an Identifier in its trivia
Error: Debug Failure. Did not expect JsxExpression to have an Identifier in its trivia
    at addSyntheticNodes (tsserver.js:119951:30)
    at createChildren (tsserver.js:119940:9)
    at NodeObject.getChildren (tsserver.js:119884:56)
    at getTokenAtPositionWorker (tsserver.js:95746:43)
    at Object.getTokenAtPosition (tsserver.js:95738:16)
    at getInfo (tsserver.js:116586:28)
    at Object.getAvailableActions (tsserver.js:116570:28)
    at tsserver.js:111645:128
    at getIterator (tsserver.js:625:23)
    at Object.flatMapIterator (tsserver.js:608:27)
    at Object.getApplicableRefactors (tsserver.js:111644:36)
    at Object.getApplicableRefactors (tsserver.js:121493:32)
    at IOSession.Session.getApplicableRefactors (tsserver.js:130242:53)
    at Session.handlers.ts.createMapFromTemplate._a.(anonymous function) (tsserver.js:129066:61)
    at tsserver.js:130466:88
    at IOSession.Session.executeWithRequestId (tsserver.js:130457:28)
    at IOSession.Session.executeCommand (tsserver.js:130466:33)
    at IOSession.Session.onMessage (tsserver.js:130488:35)
    at Interface.<anonymous> (tsserver.js:131789:27)
    at Interface.emit (events.js:182:13)
    at Interface._onLine (readline.js:290:10)
    at Interface._normalWrite (readline.js:433:12)
    at Socket.ondata (readline.js:149:10)
    at Socket.emit (events.js:182:13)
    at addChunk (_stream_readable.js:279:12)
    at readableAddChunk (_stream_readable.js:264:11)
    at Socket.Readable.push (_stream_readable.js:219:10)
    at Pipe.onread (net.js:636:20): Error: TypeScript Server Error (3.4.5)
Debug Failure. Did not expect JsxExpression to have an Identifier in its trivia
Error: Debug Failure. Did not expect JsxExpression to have an Identifier in its trivia
    at addSyntheticNodes (tsserver.js:119951:30)
    at createChildren (tsserver.js:119940:9)
    at NodeObject.getChildren (tsserver.js:119884:56)
    at getTokenAtPositionWorker (tsserver.js:95746:43)
    at Object.getTokenAtPosition (tsserver.js:95738:16)
    at getInfo (tsserver.js:116586:28)
    at Object.getAvailableActions (tsserver.js:116570:28)
    at tsserver.js:111645:128
    at getIterator (tsserver.js:625:23)
    at Object.flatMapIterator (tsserver.js:608:27)
    at Object.getApplicableRefactors (tsserver.js:111644:36)
    at Object.getApplicableRefactors (tsserver.js:121493:32)
    at IOSession.Session.getApplicableRefactors (tsserver.js:130242:53)
    at Session.handlers.ts.createMapFromTemplate._a.(anonymous function) (tsserver.js:129066:61)
    at tsserver.js:130466:88
    at IOSession.Session.executeWithRequestId (tsserver.js:130457:28)
    at IOSession.Session.executeCommand (tsserver.js:130466:33)
    at IOSession.Session.onMessage (tsserver.js:130488:35)
    at Interface.<anonymous> (tsserver.js:131789:27)
    at Interface.emit (events.js:182:13)
    at Interface._onLine (readline.js:290:10)
    at Interface._normalWrite (readline.js:433:12)
    at Socket.ondata (readline.js:149:10)
    at Socket.emit (events.js:182:13)
    at addChunk (_stream_readable.js:279:12)
    at readableAddChunk (_stream_readable.js:264:11)
    at Socket.Readable.push (_stream_readable.js:219:10)
    at Pipe.onread (net.js:636:20)
	at Function.create (/usr/share/code/resources/app/extensions/typescript-language-features/dist/extension.js:1:176329)
	at v.dispatchResponse (/usr/share/code/resources/app/extensions/typescript-language-features/dist/extension.js:1:181697)
	at v.dispatchMessage (/usr/share/code/resources/app/extensions/typescript-language-features/dist/extension.js:1:180449)
	at constructor._reader.onData.e (/usr/share/code/resources/app/extensions/typescript-language-features/dist/extension.js:1:179805)
	at u.fire (/usr/share/code/resources/app/out/vs/workbench/services/extensions/node/extensionHostProcess.js:47:720)
	at t.Reader.onLengthData (/usr/share/code/resources/app/extensions/typescript-language-features/dist/extension.js:1:185678)
	at Socket.t.Reader.constructor.e.on.e (/usr/share/code/resources/app/extensions/typescript-language-features/dist/extension.js:1:185326)
	at Socket.emit (events.js:182:13)
	at Socket.EventEmitter.emit (domain.js:442:20)
	at addChunk (_stream_readable.js:279:12)
	at readableAddChunk (_stream_readable.js:264:11)
	at Socket.Readable.push (_stream_readable.js:219:10)
	at Pipe.onread (net.js:636:20)
