[2019-06-11 22:41:30.235] [sharedprocess] [info] main {"machineId":"1b2acaefa67af21ef846cf7f67d68412a5b8f4477978800224c6dbc5987a5a52"}
[2019-06-11 22:41:31.701] [sharedprocess] [info] Scanned user extensions: 14
[2019-06-11 22:41:31.937] [sharedprocess] [info] Deleted from disk herrherrmann.angular-bootstrap /root/.vscode/extensions/herrherrmann.angular-bootstrap-4.0.9
[2019-06-11 22:41:32.316] [sharedprocess] [info] Scanned system extensions: 72
[2019-06-11 22:41:32.334] [sharedprocess] [info] Deleted from disk thekalinga.bootstrap4-vscode /root/.vscode/extensions/thekalinga.bootstrap4-vscode-6.1.0
[2019-06-11 22:41:32.754] [sharedprocess] [info] Scanned user extensions: 14
[2019-06-11 22:41:32.820] [sharedprocess] [info] Scanned system extensions: 72
[2019-06-11 22:41:33.066] [sharedprocess] [info] Scanned user extensions: 14
[2019-06-11 22:41:33.131] [sharedprocess] [info] Scanned system extensions: 72
[2019-06-11 22:41:35.550] [sharedprocess] [info] Scanned user extensions: 14
[2019-06-11 22:42:10.254] [sharedprocess] [info] Starting to clean up unused language packs.
[2019-06-11 22:43:31.848] [sharedprocess] [info] Scanned user extensions: 14
[2019-06-11 22:43:32.280] [sharedprocess] [info] Scanned system extensions: 72
[2019-06-11 22:43:32.327] [sharedprocess] [info] Scanned user extensions: 14
[2019-06-11 22:43:32.355] [sharedprocess] [info] Scanned system extensions: 72
[2019-06-11 22:43:34.598] [sharedprocess] [info] Scanned user extensions: 14
[2019-06-11 22:48:37.741] [sharedprocess] [info] Scanned user extensions: 14
[2019-06-11 22:53:37.762] [sharedprocess] [info] Scanned user extensions: 14
[2019-06-11 22:58:38.850] [sharedprocess] [info] Scanned user extensions: 14
[2019-06-11 23:03:39.171] [sharedprocess] [info] Scanned user extensions: 14
[2019-06-11 23:08:39.317] [sharedprocess] [info] Scanned user extensions: 14
[2019-06-11 23:13:39.371] [sharedprocess] [info] Scanned user extensions: 14
[2019-06-11 23:18:39.393] [sharedprocess] [info] Scanned user extensions: 14
[2019-06-11 23:23:39.417] [sharedprocess] [info] Scanned user extensions: 14
[2019-06-11 23:28:39.500] [sharedprocess] [info] Scanned user extensions: 14
[2019-06-11 23:33:39.516] [sharedprocess] [info] Scanned user extensions: 14
[2019-06-11 23:38:39.800] [sharedprocess] [info] Scanned user extensions: 14
[2019-06-11 23:43:40.392] [sharedprocess] [info] Scanned user extensions: 14
[2019-06-11 23:48:40.417] [sharedprocess] [info] Scanned user extensions: 14
[2019-06-11 23:53:40.437] [sharedprocess] [info] Scanned user extensions: 14
[2019-06-11 23:58:40.459] [sharedprocess] [info] Scanned user extensions: 14
[2019-06-12 00:03:40.478] [sharedprocess] [info] Scanned user extensions: 14
[2019-06-12 00:08:40.499] [sharedprocess] [info] Scanned user extensions: 14
[2019-06-12 00:13:40.520] [sharedprocess] [info] Scanned user extensions: 14
