[2019-06-02 12:15:58.660] [sharedprocess] [info] main {"machineId":"1b2acaefa67af21ef846cf7f67d68412a5b8f4477978800224c6dbc5987a5a52"}
[2019-06-02 12:16:00.138] [sharedprocess] [info] Scanned user extensions: 13
[2019-06-02 12:16:01.078] [sharedprocess] [info] Scanned system extensions: 72
[2019-06-02 12:16:01.814] [sharedprocess] [info] Scanned user extensions: 13
[2019-06-02 12:16:01.851] [sharedprocess] [info] Scanned system extensions: 72
[2019-06-02 12:16:02.067] [sharedprocess] [info] Scanned user extensions: 13
[2019-06-02 12:16:02.118] [sharedprocess] [info] Scanned system extensions: 72
[2019-06-02 12:16:05.078] [sharedprocess] [info] Scanned user extensions: 13
[2019-06-02 12:16:38.680] [sharedprocess] [info] Starting to clean up unused language packs.
[2019-06-02 12:21:05.103] [sharedprocess] [info] Scanned user extensions: 13
[2019-06-02 12:26:05.390] [sharedprocess] [info] Scanned user extensions: 13
[2019-06-02 12:26:29.878] [sharedprocess] [info] Scanned user extensions: 13
[2019-06-02 12:26:31.208] [sharedprocess] [info] Scanned system extensions: 72
[2019-06-02 12:26:31.334] [sharedprocess] [info] Scanned user extensions: 13
[2019-06-02 12:26:31.373] [sharedprocess] [info] Scanned system extensions: 72
[2019-06-02 12:26:31.749] [sharedprocess] [info] Scanned user extensions: 13
[2019-06-02 12:31:31.957] [sharedprocess] [info] Scanned user extensions: 13
[2019-06-02 12:36:31.997] [sharedprocess] [info] Scanned user extensions: 13
[2019-06-02 12:41:32.803] [sharedprocess] [info] Scanned user extensions: 13
[2019-06-02 12:46:32.824] [sharedprocess] [info] Scanned user extensions: 13
[2019-06-02 12:51:32.849] [sharedprocess] [info] Scanned user extensions: 13
[2019-06-02 12:56:33.562] [sharedprocess] [info] Scanned user extensions: 13
[2019-06-02 12:58:02.958] [sharedprocess] [info] Scanned user extensions: 13
[2019-06-02 12:58:02.959] [sharedprocess] [info] Scanned user extensions: 13
[2019-06-02 12:58:02.960] [sharedprocess] [info] Scanned user extensions: 13
[2019-06-02 12:58:02.960] [sharedprocess] [info] Scanned user extensions: 13
[2019-06-02 12:58:04.768] [sharedprocess] [info] Scanned system extensions: 72
[2019-06-02 12:58:04.775] [sharedprocess] [info] Scanned system extensions: 72
[2019-06-02 12:58:04.795] [sharedprocess] [info] Scanned system extensions: 72
[2019-06-02 12:58:04.893] [sharedprocess] [info] Scanned user extensions: 13
[2019-06-02 12:58:04.896] [sharedprocess] [info] Scanned user extensions: 13
[2019-06-02 12:58:04.925] [sharedprocess] [info] Scanned user extensions: 13
[2019-06-02 12:58:05.007] [sharedprocess] [info] Scanned system extensions: 72
[2019-06-02 12:58:05.017] [sharedprocess] [info] Scanned system extensions: 72
[2019-06-02 12:58:05.033] [sharedprocess] [info] Scanned system extensions: 72
[2019-06-02 13:01:33.591] [sharedprocess] [info] Scanned user extensions: 13
[2019-06-02 13:04:58.366] [sharedprocess] [info] Scanned user extensions: 13
[2019-06-02 13:04:58.367] [sharedprocess] [info] Scanned user extensions: 13
[2019-06-02 13:04:58.372] [sharedprocess] [info] Scanned user extensions: 13
[2019-06-02 13:04:58.449] [sharedprocess] [info] Scanned system extensions: 72
[2019-06-02 13:04:58.455] [sharedprocess] [info] Scanned system extensions: 72
[2019-06-02 13:04:58.460] [sharedprocess] [info] Scanned system extensions: 72
[2019-06-02 13:04:58.499] [sharedprocess] [info] Scanned user extensions: 13
[2019-06-02 13:04:58.540] [sharedprocess] [info] Scanned user extensions: 13
[2019-06-02 13:04:58.566] [sharedprocess] [info] Scanned user extensions: 13
[2019-06-02 13:04:58.582] [sharedprocess] [info] Scanned system extensions: 72
[2019-06-02 13:04:58.612] [sharedprocess] [info] Scanned system extensions: 72
[2019-06-02 13:04:58.627] [sharedprocess] [info] Scanned system extensions: 72
[2019-06-02 13:05:11.699] [sharedprocess] [info] Installing extension: thekalinga.bootstrap4-vscode
[2019-06-02 13:05:11.747] [sharedprocess] [info] Scanned user extensions: 13
[2019-06-02 13:05:13.950] [sharedprocess] [info] Downloaded extension: thekalinga.bootstrap4-vscode /tmp/fb1bc141-0290-4607-9fea-00ab89fa47f9
[2019-06-02 13:05:14.592] [sharedprocess] [info] Extracted extension to /root/.vscode/extensions/.thekalinga.bootstrap4-vscode-6.1.0: thekalinga.bootstrap4-vscode
[2019-06-02 13:05:14.764] [sharedprocess] [info] Renamed to /root/.vscode/extensions/thekalinga.bootstrap4-vscode-6.1.0
[2019-06-02 13:05:14.766] [sharedprocess] [info] Installation completed. thekalinga.bootstrap4-vscode
[2019-06-02 13:05:14.931] [sharedprocess] [info] Extensions installed successfully: thekalinga.bootstrap4-vscode
[2019-06-02 13:06:33.937] [sharedprocess] [info] Scanned user extensions: 14
[2019-06-02 13:08:32.782] [sharedprocess] [info] Scanned user extensions: 14
[2019-06-02 13:08:32.783] [sharedprocess] [info] Uninstalling extension: thekalinga.bootstrap4-vscode
[2019-06-02 13:08:32.792] [sharedprocess] [info] Scanned user extensions: 14
[2019-06-02 13:08:32.864] [sharedprocess] [info] Successfully uninstalled extension: thekalinga.bootstrap4-vscode
[2019-06-02 13:08:39.799] [sharedprocess] [info] Installing extension: herrherrmann.angular-bootstrap
[2019-06-02 13:08:39.880] [sharedprocess] [info] Scanned user extensions: 13
[2019-06-02 13:08:44.667] [sharedprocess] [info] Downloaded extension: herrherrmann.angular-bootstrap /tmp/7bc9c57a-b480-44ad-a8ca-3fcabb0c05a0
[2019-06-02 13:08:44.969] [sharedprocess] [info] Extracted extension to /root/.vscode/extensions/.herrherrmann.angular-bootstrap-4.0.9: herrherrmann.angular-bootstrap
[2019-06-02 13:08:44.969] [sharedprocess] [info] Renamed to /root/.vscode/extensions/herrherrmann.angular-bootstrap-4.0.9
[2019-06-02 13:08:44.970] [sharedprocess] [info] Installation completed. herrherrmann.angular-bootstrap
[2019-06-02 13:08:45.036] [sharedprocess] [info] Extensions installed successfully: herrherrmann.angular-bootstrap
[2019-06-02 13:08:51.168] [sharedprocess] [info] Scanned user extensions: 14
[2019-06-02 13:08:51.168] [sharedprocess] [info] Uninstalling extension: herrherrmann.angular-bootstrap
[2019-06-02 13:08:51.202] [sharedprocess] [info] Scanned user extensions: 14
[2019-06-02 13:08:51.235] [sharedprocess] [info] Successfully uninstalled extension: herrherrmann.angular-bootstrap
[2019-06-02 13:10:46.932] [sharedprocess] [info] Scanned user extensions: 13
[2019-06-02 13:10:47.160] [sharedprocess] [info] Scanned user extensions: 13
[2019-06-02 13:10:47.411] [sharedprocess] [info] Scanned user extensions: 13
[2019-06-02 13:10:47.814] [sharedprocess] [info] Scanned system extensions: 72
[2019-06-02 13:10:47.824] [sharedprocess] [info] Scanned system extensions: 72
[2019-06-02 13:10:47.829] [sharedprocess] [info] Scanned system extensions: 72
[2019-06-02 13:10:47.974] [sharedprocess] [info] Scanned system extensions: 72
[2019-06-02 13:10:47.975] [sharedprocess] [info] Scanned user extensions: 13
[2019-06-02 13:10:48.029] [sharedprocess] [info] Scanned system extensions: 72
[2019-06-02 13:10:48.051] [sharedprocess] [info] Scanned system extensions: 72
[2019-06-02 13:10:48.298] [sharedprocess] [info] Scanned user extensions: 13
[2019-06-02 13:10:48.462] [sharedprocess] [info] Scanned user extensions: 13
[2019-06-02 13:11:33.990] [sharedprocess] [info] Scanned user extensions: 13
[2019-06-02 13:15:18.490] [sharedprocess] [info] Scanned system extensions: 72
[2019-06-02 13:15:18.492] [sharedprocess] [info] Scanned system extensions: 72
[2019-06-02 13:15:18.493] [sharedprocess] [info] Scanned system extensions: 72
[2019-06-02 13:15:18.524] [sharedprocess] [info] Scanned user extensions: 13
[2019-06-02 13:15:18.605] [sharedprocess] [info] Scanned user extensions: 13
[2019-06-02 13:15:18.654] [sharedprocess] [info] Scanned system extensions: 72
[2019-06-02 13:15:18.691] [sharedprocess] [info] Scanned user extensions: 13
[2019-06-02 13:15:18.759] [sharedprocess] [info] Scanned system extensions: 72
[2019-06-02 13:15:18.810] [sharedprocess] [info] Scanned user extensions: 13
[2019-06-02 13:15:18.841] [sharedprocess] [info] Scanned system extensions: 72
[2019-06-02 13:15:18.904] [sharedprocess] [info] Scanned user extensions: 13
[2019-06-02 13:15:18.958] [sharedprocess] [info] Scanned user extensions: 13
[2019-06-02 13:15:28.511] [sharedprocess] [info] Installing extension: gajesh1.react-js-snnipets
[2019-06-02 13:15:28.602] [sharedprocess] [info] Scanned user extensions: 13
[2019-06-02 13:15:29.528] [sharedprocess] [info] Downloaded extension: gajesh1.react-js-snnipets /tmp/ae16d2e0-fa16-483c-b7d7-4656ebd4977a
[2019-06-02 13:15:29.632] [sharedprocess] [info] Extracted extension to /root/.vscode/extensions/.gajesh1.react-js-snnipets-3.0.4: gajesh1.react-js-snnipets
[2019-06-02 13:15:29.632] [sharedprocess] [info] Renamed to /root/.vscode/extensions/gajesh1.react-js-snnipets-3.0.4
[2019-06-02 13:15:29.633] [sharedprocess] [info] Installation completed. gajesh1.react-js-snnipets
[2019-06-02 13:15:29.670] [sharedprocess] [info] Extensions installed successfully: gajesh1.react-js-snnipets
[2019-06-02 13:16:34.893] [sharedprocess] [info] Scanned user extensions: 14
[2019-06-02 13:21:35.561] [sharedprocess] [info] Scanned user extensions: 14
[2019-06-02 13:26:36.199] [sharedprocess] [info] Scanned user extensions: 14
[2019-06-02 13:31:36.277] [sharedprocess] [info] Scanned user extensions: 14
[2019-06-02 13:36:36.380] [sharedprocess] [info] Scanned user extensions: 14
[2019-06-02 13:41:36.560] [sharedprocess] [info] Scanned user extensions: 14
[2019-06-02 13:46:36.817] [sharedprocess] [info] Scanned user extensions: 14
[2019-06-02 13:51:37.171] [sharedprocess] [info] Scanned user extensions: 14
[2019-06-02 13:56:37.872] [sharedprocess] [info] Scanned user extensions: 14
[2019-06-02 14:01:38.002] [sharedprocess] [info] Scanned user extensions: 14
[2019-06-02 14:06:38.109] [sharedprocess] [info] Scanned user extensions: 14
[2019-06-02 14:11:38.280] [sharedprocess] [info] Scanned user extensions: 14
[2019-06-02 14:16:38.853] [sharedprocess] [info] Scanned user extensions: 14
[2019-06-02 14:21:38.945] [sharedprocess] [info] Scanned user extensions: 14
[2019-06-02 14:26:40.145] [sharedprocess] [info] Scanned user extensions: 14
[2019-06-02 14:31:40.229] [sharedprocess] [info] Scanned user extensions: 14
[2019-06-02 14:36:40.329] [sharedprocess] [info] Scanned user extensions: 14
[2019-06-02 14:41:40.464] [sharedprocess] [info] Scanned user extensions: 14
[2019-06-02 14:46:40.552] [sharedprocess] [info] Scanned user extensions: 14
[2019-06-02 14:51:40.613] [sharedprocess] [info] Scanned user extensions: 14
[2019-06-02 14:56:40.739] [sharedprocess] [info] Scanned user extensions: 14
[2019-06-02 15:01:40.858] [sharedprocess] [info] Scanned user extensions: 14
[2019-06-02 15:06:40.957] [sharedprocess] [info] Scanned user extensions: 14
[2019-06-02 15:11:41.063] [sharedprocess] [info] Scanned user extensions: 14
[2019-06-02 15:16:41.661] [sharedprocess] [info] Scanned user extensions: 14
[2019-06-02 15:21:41.825] [sharedprocess] [info] Scanned user extensions: 14
[2019-06-02 15:26:43.197] [sharedprocess] [info] Scanned user extensions: 14
[2019-06-02 15:31:43.274] [sharedprocess] [info] Scanned user extensions: 14
[2019-06-02 15:36:43.390] [sharedprocess] [info] Scanned user extensions: 14
[2019-06-02 15:41:43.517] [sharedprocess] [info] Scanned user extensions: 14
[2019-06-02 15:46:44.355] [sharedprocess] [info] Scanned user extensions: 14
[2019-06-02 15:51:44.478] [sharedprocess] [info] Scanned user extensions: 14
[2019-06-02 15:56:44.588] [sharedprocess] [info] Scanned user extensions: 14
[2019-06-02 16:01:45.541] [sharedprocess] [info] Scanned user extensions: 14
[2019-06-02 16:06:45.680] [sharedprocess] [info] Scanned user extensions: 14
[2019-06-02 16:11:45.876] [sharedprocess] [info] Scanned user extensions: 14
