[2019-06-01 22:57:17.069] [exthost] [info] extension host started
[2019-06-01 22:57:17.142] [exthost] [info] ExtensionService#_doActivateExtension vscode.debug-auto-launch {"startup":true,"activationEvent":"*"}
[2019-06-01 22:57:17.142] [exthost] [info] ExtensionService#loadCommonJSModule /usr/share/code/resources/app/extensions/debug-auto-launch/dist/extension
[2019-06-01 22:57:17.207] [exthost] [info] ExtensionService#_doActivateExtension vscode.emmet {"startup":true,"activationEvent":"*"}
[2019-06-01 22:57:17.207] [exthost] [info] ExtensionService#loadCommonJSModule /usr/share/code/resources/app/extensions/emmet/dist/extension
[2019-06-01 22:57:17.310] [exthost] [info] ExtensionService#_doActivateExtension vscode.git {"startup":true,"activationEvent":"*"}
[2019-06-01 22:57:17.310] [exthost] [info] ExtensionService#loadCommonJSModule /usr/share/code/resources/app/extensions/git/dist/main
[2019-06-01 22:57:17.523] [exthost] [info] ExtensionService#_doActivateExtension vscode.merge-conflict {"startup":true,"activationEvent":"*"}
[2019-06-01 22:57:17.523] [exthost] [info] ExtensionService#loadCommonJSModule /usr/share/code/resources/app/extensions/merge-conflict/dist/extension
[2019-06-01 22:57:17.562] [exthost] [info] ExtensionService#_doActivateExtension christian-kohler.path-intellisense {"startup":true,"activationEvent":"*"}
[2019-06-01 22:57:17.562] [exthost] [info] ExtensionService#loadCommonJSModule /root/.vscode/extensions/christian-kohler.path-intellisense-1.4.2/out/src/extension
[2019-06-01 22:57:17.786] [exthost] [info] ExtensionService#_doActivateExtension dbaeumer.vscode-eslint {"startup":true,"activationEvent":"*"}
[2019-06-01 22:57:17.786] [exthost] [info] ExtensionService#loadCommonJSModule /root/.vscode/extensions/dbaeumer.vscode-eslint-1.9.0/client/out/extension
[2019-06-01 22:57:17.922] [exthost] [info] ExtensionService#_doActivateExtension esbenp.prettier-vscode {"startup":true,"activationEvent":"*"}
[2019-06-01 22:57:17.922] [exthost] [info] ExtensionService#loadCommonJSModule /root/.vscode/extensions/esbenp.prettier-vscode-1.9.0/out/src/extension
[2019-06-01 22:57:18.799] [exthost] [info] eager extensions activated
[2019-06-01 22:57:32.687] [exthost] [info] extension host started
[2019-06-01 22:57:32.720] [exthost] [info] ExtensionService#_doActivateExtension vscode.debug-auto-launch {"startup":true,"activationEvent":"*"}
[2019-06-01 22:57:32.720] [exthost] [info] ExtensionService#loadCommonJSModule /usr/share/code/resources/app/extensions/debug-auto-launch/dist/extension
[2019-06-01 22:57:32.725] [exthost] [info] ExtensionService#_doActivateExtension vscode.emmet {"startup":true,"activationEvent":"*"}
[2019-06-01 22:57:32.725] [exthost] [info] ExtensionService#loadCommonJSModule /usr/share/code/resources/app/extensions/emmet/dist/extension
[2019-06-01 22:57:32.751] [exthost] [info] ExtensionService#_doActivateExtension vscode.git {"startup":true,"activationEvent":"*"}
[2019-06-01 22:57:32.751] [exthost] [info] ExtensionService#loadCommonJSModule /usr/share/code/resources/app/extensions/git/dist/main
[2019-06-01 22:57:32.893] [exthost] [info] ExtensionService#_doActivateExtension vscode.merge-conflict {"startup":true,"activationEvent":"*"}
[2019-06-01 22:57:32.893] [exthost] [info] ExtensionService#loadCommonJSModule /usr/share/code/resources/app/extensions/merge-conflict/dist/extension
[2019-06-01 22:57:32.901] [exthost] [info] ExtensionService#_doActivateExtension christian-kohler.path-intellisense {"startup":true,"activationEvent":"*"}
[2019-06-01 22:57:32.901] [exthost] [info] ExtensionService#loadCommonJSModule /root/.vscode/extensions/christian-kohler.path-intellisense-1.4.2/out/src/extension
[2019-06-01 22:57:32.918] [exthost] [info] ExtensionService#_doActivateExtension dbaeumer.vscode-eslint {"startup":true,"activationEvent":"*"}
[2019-06-01 22:57:32.918] [exthost] [info] ExtensionService#loadCommonJSModule /root/.vscode/extensions/dbaeumer.vscode-eslint-1.9.0/client/out/extension
[2019-06-01 22:57:32.979] [exthost] [info] ExtensionService#_doActivateExtension esbenp.prettier-vscode {"startup":true,"activationEvent":"*"}
[2019-06-01 22:57:32.979] [exthost] [info] ExtensionService#loadCommonJSModule /root/.vscode/extensions/esbenp.prettier-vscode-1.9.0/out/src/extension
[2019-06-01 22:57:33.210] [exthost] [info] eager extensions activated
[2019-06-01 22:57:46.267] [exthost] [info] ExtensionService#_doActivateExtension vscode.typescript-language-features {"startup":false,"activationEvent":"onLanguage:javascript"}
[2019-06-01 22:57:46.267] [exthost] [info] ExtensionService#loadCommonJSModule /usr/share/code/resources/app/extensions/typescript-language-features/dist/extension
[2019-06-01 22:57:46.522] [exthost] [info] ExtensionService#_doActivateExtension christian-kohler.npm-intellisense {"startup":false,"activationEvent":"onLanguage:javascript"}
[2019-06-01 22:57:46.522] [exthost] [info] ExtensionService#loadCommonJSModule /root/.vscode/extensions/christian-kohler.npm-intellisense-1.3.0/out/src/extension
[2019-06-01 23:07:14.151] [exthost] [info] ExtensionService#_doActivateExtension vscode.extension-editing {"startup":false,"activationEvent":"onLanguage:typescript"}
[2019-06-01 23:07:14.151] [exthost] [info] ExtensionService#loadCommonJSModule /usr/share/code/resources/app/extensions/extension-editing/dist/extension
[2019-06-01 23:07:47.114] [exthost] [info] extension host started
[2019-06-01 23:07:47.193] [exthost] [info] ExtensionService#_doActivateExtension vscode.debug-auto-launch {"startup":true,"activationEvent":"*"}
[2019-06-01 23:07:47.193] [exthost] [info] ExtensionService#loadCommonJSModule /usr/share/code/resources/app/extensions/debug-auto-launch/dist/extension
[2019-06-01 23:07:47.232] [exthost] [info] ExtensionService#_doActivateExtension vscode.emmet {"startup":true,"activationEvent":"*"}
[2019-06-01 23:07:47.232] [exthost] [info] ExtensionService#loadCommonJSModule /usr/share/code/resources/app/extensions/emmet/dist/extension
[2019-06-01 23:07:47.296] [exthost] [info] ExtensionService#_doActivateExtension vscode.git {"startup":true,"activationEvent":"*"}
[2019-06-01 23:07:47.296] [exthost] [info] ExtensionService#loadCommonJSModule /usr/share/code/resources/app/extensions/git/dist/main
[2019-06-01 23:07:47.497] [exthost] [info] ExtensionService#_doActivateExtension vscode.merge-conflict {"startup":true,"activationEvent":"*"}
[2019-06-01 23:07:47.497] [exthost] [info] ExtensionService#loadCommonJSModule /usr/share/code/resources/app/extensions/merge-conflict/dist/extension
[2019-06-01 23:07:47.523] [exthost] [info] ExtensionService#_doActivateExtension christian-kohler.path-intellisense {"startup":true,"activationEvent":"*"}
[2019-06-01 23:07:47.523] [exthost] [info] ExtensionService#loadCommonJSModule /root/.vscode/extensions/christian-kohler.path-intellisense-1.4.2/out/src/extension
[2019-06-01 23:07:47.609] [exthost] [info] ExtensionService#_doActivateExtension dbaeumer.vscode-eslint {"startup":true,"activationEvent":"*"}
[2019-06-01 23:07:47.609] [exthost] [info] ExtensionService#loadCommonJSModule /root/.vscode/extensions/dbaeumer.vscode-eslint-1.9.0/client/out/extension
[2019-06-01 23:07:47.707] [exthost] [info] ExtensionService#_doActivateExtension esbenp.prettier-vscode {"startup":true,"activationEvent":"*"}
[2019-06-01 23:07:47.707] [exthost] [info] ExtensionService#loadCommonJSModule /root/.vscode/extensions/esbenp.prettier-vscode-1.9.0/out/src/extension
[2019-06-01 23:07:48.313] [exthost] [info] eager extensions activated
[2019-06-01 23:08:01.530] [exthost] [info] ExtensionService#_doActivateExtension vscode.extension-editing {"startup":false,"activationEvent":"onLanguage:typescript"}
[2019-06-01 23:08:01.530] [exthost] [info] ExtensionService#loadCommonJSModule /usr/share/code/resources/app/extensions/extension-editing/dist/extension
[2019-06-01 23:08:01.593] [exthost] [info] ExtensionService#_doActivateExtension vscode.typescript-language-features {"startup":false,"activationEvent":"onLanguage:typescript"}
[2019-06-01 23:08:01.593] [exthost] [info] ExtensionService#loadCommonJSModule /usr/share/code/resources/app/extensions/typescript-language-features/dist/extension
[2019-06-01 23:08:01.871] [exthost] [info] ExtensionService#_doActivateExtension christian-kohler.npm-intellisense {"startup":false,"activationEvent":"onLanguage:typescript"}
[2019-06-01 23:08:01.871] [exthost] [info] ExtensionService#loadCommonJSModule /root/.vscode/extensions/christian-kohler.npm-intellisense-1.3.0/out/src/extension
[2019-06-01 23:08:27.474] [exthost] [info] ExtensionService#_doActivateExtension vscode.configuration-editing {"startup":false,"activationEvent":"onLanguage:jsonc"}
[2019-06-01 23:08:27.474] [exthost] [info] ExtensionService#loadCommonJSModule /usr/share/code/resources/app/extensions/configuration-editing/dist/extension
[2019-06-01 23:08:27.629] [exthost] [info] ExtensionService#_doActivateExtension vscode.json-language-features {"startup":false,"activationEvent":"onLanguage:jsonc"}
[2019-06-01 23:08:27.629] [exthost] [info] ExtensionService#loadCommonJSModule /usr/share/code/resources/app/extensions/json-language-features/client/dist/jsonMain
[2019-06-01 23:19:36.378] [exthost] [info] ExtensionService#_doActivateExtension vscode.css-language-features {"startup":false,"activationEvent":"onLanguage:scss"}
[2019-06-01 23:19:36.378] [exthost] [info] ExtensionService#loadCommonJSModule /usr/share/code/resources/app/extensions/css-language-features/client/dist/cssMain
[2019-06-01 23:24:52.127] [exthost] [info] ExtensionService#_doActivateExtension vscode.html-language-features {"startup":false,"activationEvent":"onLanguage:html"}
[2019-06-01 23:24:52.127] [exthost] [info] ExtensionService#loadCommonJSModule /usr/share/code/resources/app/extensions/html-language-features/client/dist/htmlMain
